<?xml version="1.0" encoding="UTF-8"?>
<TestRun id="0f722db9-6ce2-477a-b49b-4c7954fdea0f" name="Administrator@WIN-RNMUH95F9U1 2011-08-05 06:41:29" runUser="WIN-RNMUH95F9U1\Administrator" xmlns="http://microsoft.com/schemas/VisualStudio/TeamTest/2010">
  <TestSettings name="Local" id="1ddb4cbd-2c91-4264-b717-275efc45f586">
    <Description>These are default test settings for a local test run.</Description>
    <Deployment userDeploymentRoot="C:\Projects\Urbana\Common\TestResults" useDefaultDeploymentRoot="false" runDeploymentRoot="Administrator_WIN-RNMUH95F9U1 2011-08-05 06_41_29">
      <DeploymentItem filename="Common.Services.Fax\bin\Debug\Common.Services.Fax.dll" />
      <DeploymentItem filename="Common.Services.Fax.Interfaces\Validation\FaxRequestType\PreProcess\FaxValidation.xsd" />
      <DeploymentItem filename="C:\Projects\Urbana\Common\Common.Testing\bin\Debug\Common.Testing.dll" />
      <DeploymentItem filename="C:\Program Files (x86)\Microsoft Enterprise Library 5.0\Bin\Microsoft.Practices.EnterpriseLibrary.Logging.dll" />
      <DeploymentItem filename="C:\Program Files (x86)\Microsoft Unity Application Block 2.0\Bin\Microsoft.Practices.Unity.Interception.Configuration.dll" />
      <DeploymentItem filename="Common.Workflows.Activities.Tests\Resources\" />
      <DeploymentItem filename="C:\Program Files (x86)\Microsoft Enterprise Library 5.0\Bin\Microsoft.Practices.EnterpriseLibrary.PolicyInjection.dll" />
      <DeploymentItem filename="C:\Program Files (x86)\Microsoft Unity Application Block 2.0\Bin\Microsoft.Practices.Unity.Configuration.dll" />
      <DeploymentItem filename="C:\Projects\Urbana\Common\Common.Services.Payment\bin\Debug\Common.Services.Payment.dll" />
      <DeploymentItem filename="C:\Program Files (x86)\Microsoft Unity Application Block 2.0\Bin\Microsoft.Practices.Unity.dll" />
      <DeploymentItem filename="C:\Program Files (x86)\Microsoft Unity Application Block 2.0\Bin\Microsoft.Practices.ServiceLocation.dll" />
      <DeploymentItem filename="C:\Program Files (x86)\Microsoft Unity Application Block 2.0\Bin\Microsoft.Practices.Unity.Interception.dll" />
      <DeploymentItem filename="Common.Services.Fax.Interfaces\Validation\FaxRequestType\PreProcess\" />
      <DeploymentItem filename="Common.Services.Fax.Interfaces\Validation\FaxRequestType\PreProcess\FaxValidation2.xsd" />
      <DeploymentItem filename="Common.Services.Fax.Interfaces\Validation\FaxRequestType\" />
      <DeploymentItem filename="C:\Projects\Urbana\Common\Common.Utils\bin\Debug\Common.Utils.dll" />
      <DeploymentItem filename="Common.IO.Tests\Resources\" />
      <DeploymentItem filename="Common.Workflows.Activities.Tests\Resources\Placeholder.txt" />
      <DeploymentItem filename="Common.Services.Fax.Interfaces\Validation\FaxRequestType\PreProcess\FaxValidation1.xsd" />
      <DeploymentItem filename="C:\Projects\Urbana\Common\Common.Services.Payment.Interfaces\bin\Debug\Common.Services.Payment.Interfaces.dll" />
      <DeploymentItem filename="C:\Program Files (x86)\Microsoft Enterprise Library 5.0\Bin\Microsoft.Practices.EnterpriseLibrary.Common.dll" />
      <DeploymentItem filename="C:\Projects\Urbana\Common\Common.Types\bin\Debug\Common.Types.dll" />
      <DeploymentItem filename="Common.Services.Payment.Tests\Resources\" />
      <DeploymentItem filename="Common.Services.Fax.Tests\TestResources\" />
    </Deployment>
    <Execution>
      <TestTypeSpecific>
        <UnitTestRunConfig testTypeId="13cdc9d9-ddb5-4fa4-a97d-d965ccfc6d4b">
          <AssemblyResolution>
            <TestDirectory useLoadContext="true" />
          </AssemblyResolution>
        </UnitTestRunConfig>
        <WebTestRunConfiguration testTypeId="4e7599fa-5ecb-43e9-a887-cd63cf72d207">
          <Browser name="Internet Explorer 7.0">
            <Headers>
              <Header name="User-Agent" value="Mozilla/4.0 (compatible; MSIE 7.0; Windows NT 5.1)" />
              <Header name="Accept" value="*/*" />
              <Header name="Accept-Language" value="{{$IEAcceptLanguage}}" />
              <Header name="Accept-Encoding" value="GZIP" />
            </Headers>
          </Browser>
        </WebTestRunConfiguration>
      </TestTypeSpecific>
      <AgentRule name="LocalMachineDefaultRole">
      </AgentRule>
    </Execution>
  </TestSettings>
  <Times creation="2011-08-05T06:41:29.1871953-04:00" queuing="2011-08-05T06:41:35.7233281-04:00" start="2011-08-05T06:41:36.2145390-04:00" finish="2011-08-05T06:42:51.2985234-04:00" />
  <ResultSummary outcome="Error">
    <Counters total="1" executed="1" error="0" failed="0" timeout="0" aborted="1" inconclusive="0" passedButRunAborted="0" notRunnable="0" notExecuted="0" disconnected="0" warning="0" passed="0" completed="0" inProgress="0" pending="0" />
    <RunInfos>
      <RunInfo computerName="WIN-RNMUH95F9U1" outcome="Warning" timestamp="2011-08-05T06:41:29.8082890-04:00">
        <Text>Warning: conflict during test run deployment: deployment item 'Common.IO.Tests\Resources\' specified by the test settings cannot be deployed to 'Placeholder.txt' because otherwise the file 'C:\Projects\Urbana\Common\Common.IO.Tests\Resources\Placeholder.txt' would overwrite deployment item 'Common.Workflows.Activities.Tests\Resources\' specified by the test settings.</Text>
      </RunInfo>
      <RunInfo computerName="WIN-RNMUH95F9U1" outcome="Error" timestamp="2011-08-05T06:42:51.2946171-04:00">
        <Text>Test host process exited unexpectedly.</Text>
      </RunInfo>
    </RunInfos>
  </ResultSummary>
  <TestDefinitions>
    <UnitTest name="AuthorizeTest_WhenValidData_CheckTransactionResultMessageCountGreaterThanZero" storage="c:\projects\urbana\common\common.services.payment.tests\bin\debug\common.services.payment.tests.dll" id="72288aec-fdbb-3487-dd83-73610742294c">
      <Execution id="f37172e9-d7ee-4ef6-a073-da9ea3280a43" />
      <TestMethod codeBase="C:/Projects/Urbana/Common/Common.Services.Payment.Tests/bin/Debug/Common.Services.Payment.Tests.DLL" adapterTypeName="Microsoft.VisualStudio.TestTools.TestTypes.Unit.UnitTestAdapter, Microsoft.VisualStudio.QualityTools.Tips.UnitTest.Adapter, Version=10.0.0.0, Culture=neutral, PublicKeyToken=b03f5f7f11d50a3a" className="Common.Services.Payment.Tests.Gateways.AuthorizeNet.AuthorizeNetCIMCreditCardGatewayTest, Common.Services.Payment.Tests, Version=1.0.0.0, Culture=neutral, PublicKeyToken=null" name="AuthorizeTest_WhenValidData_CheckTransactionResultMessageCountGreaterThanZero" />
    </UnitTest>
  </TestDefinitions>
  <TestLists>
    <TestList name="Results Not in a List" id="8c84fa94-04c1-424b-9868-57a2d4851a1d" />
    <TestList name="All Loaded Results" id="19431567-8539-422a-85d7-44ee4e166bda" />
  </TestLists>
  <TestEntries>
    <TestEntry testId="72288aec-fdbb-3487-dd83-73610742294c" executionId="f37172e9-d7ee-4ef6-a073-da9ea3280a43" testListId="8c84fa94-04c1-424b-9868-57a2d4851a1d" />
  </TestEntries>
  <Results>
    <UnitTestResult executionId="f37172e9-d7ee-4ef6-a073-da9ea3280a43" testId="72288aec-fdbb-3487-dd83-73610742294c" testName="AuthorizeTest_WhenValidData_CheckTransactionResultMessageCountGreaterThanZero" computerName="WIN-RNMUH95F9U1" duration="00:01:14.8984375" startTime="2011-08-05T06:41:36.4000859-04:00" endTime="2011-08-05T06:42:51.2985234-04:00" testType="13cdc9d9-ddb5-4fa4-a97d-d965ccfc6d4b" outcome="Aborted" testListId="8c84fa94-04c1-424b-9868-57a2d4851a1d" relativeResultsDirectory="f37172e9-d7ee-4ef6-a073-da9ea3280a43">
    </UnitTestResult>
  </Results>
</TestRun>