<?xml version="1.0" encoding="UTF-8"?>
<TestRun id="af96b0c9-d03a-4205-8ea4-b4f5caf40eb7" name="Administrator@WIN-RNMUH95F9U1 2011-08-23 04:02:44" runUser="WIN-RNMUH95F9U1\Administrator" xmlns="http://microsoft.com/schemas/VisualStudio/TeamTest/2010">
  <TestSettings name="Local" id="1ddb4cbd-2c91-4264-b717-275efc45f586">
    <Description>These are default test settings for a local test run.</Description>
    <Deployment userDeploymentRoot="C:\Projects\Urbana\Common\TestResults" useDefaultDeploymentRoot="false" runDeploymentRoot="Administrator_WIN-RNMUH95F9U1 2011-08-23 04_02_44">
      <DeploymentItem filename="Common.Services.Fax\bin\Debug\Common.Services.Fax.dll" />
      <DeploymentItem filename="Common.Services.Fax.Interfaces\Validation\FaxRequestType\PreProcess\FaxValidation.xsd" />
      <DeploymentItem filename="C:\Projects\Urbana\Common\Common.Workflows.Activities.Tests\bin\Debug\Neovolve.Toolkit.Workflow.dll" />
      <DeploymentItem filename="C:\Projects\Urbana\Common\Common.Workflows.Activities\bin\Debug\Common.Workflows.Activities.dll" />
      <DeploymentItem filename="C:\Projects\Urbana\Common\Common.Services.Payment.Interfaces\bin\Debug\Common.Services.Payment.Interfaces.dll" />
      <DeploymentItem filename="C:\Program Files (x86)\Microsoft Unity Application Block 2.0\Bin\Microsoft.Practices.Unity.Interception.Configuration.dll" />
      <DeploymentItem filename="C:\Projects\Urbana\Common\Common.Workflows.Activities.Tests\bin\Debug\Neovolve.Toolkit.Workflow.Design.dll" />
      <DeploymentItem filename="Common.Services.Fax.Interfaces\Validation\FaxRequestType\PreProcess\FaxValidation2.xsd" />
      <DeploymentItem filename="C:\Projects\Urbana\Common\Common.IO.Interfaces\bin\Debug\Common.IO.Interfaces.dll" />
      <DeploymentItem filename="C:\Program Files (x86)\Microsoft Unity Application Block 2.0\Bin\Microsoft.Practices.Unity.Configuration.dll" />
      <DeploymentItem filename="C:\Projects\Urbana\Common\Common.Services.Payment\bin\Debug\Common.Services.Payment.dll" />
      <DeploymentItem filename="C:\Program Files (x86)\Microsoft Unity Application Block 2.0\Bin\Microsoft.Practices.Unity.dll" />
      <DeploymentItem filename="C:\Program Files (x86)\Microsoft Unity Application Block 2.0\Bin\Microsoft.Practices.ServiceLocation.dll" />
      <DeploymentItem filename="C:\Program Files (x86)\Microsoft Unity Application Block 2.0\Bin\Microsoft.Practices.Unity.Interception.dll" />
      <DeploymentItem filename="C:\Projects\Urbana\Common\Dependencies\Neovolve.Toolkit 1.0\Neovolve.Toolkit.dll" />
      <DeploymentItem filename="Common.Services.Fax.Interfaces\Validation\FaxRequestType\" />
      <DeploymentItem filename="C:\Projects\Urbana\Common\Common.Utils\bin\Debug\Common.Utils.dll" />
      <DeploymentItem filename="Common.IO.Tests\Resources\" />
      <DeploymentItem filename="Common.Workflows.Activities.Tests\Resources\" />
      <DeploymentItem filename="Common.Workflows.Activities.Tests\Resources\Placeholder.txt" />
      <DeploymentItem filename="C:\Program Files (x86)\Microsoft SDKs\Silverlight\v4.0\Libraries\Client\System.Windows.Data.dll" />
      <DeploymentItem filename="Common.Services.Fax.Interfaces\Validation\FaxRequestType\PreProcess\FaxValidation1.xsd" />
      <DeploymentItem filename="Common.Services.Fax.Interfaces\Validation\FaxRequestType\PreProcess\" />
      <DeploymentItem filename="C:\Projects\Urbana\Common\Common.Workflows.Activities.Tests\bin\Debug\Neovolve.Toolkit.Unity.dll" />
      <DeploymentItem filename="Common.Services.Payment.Tests\Resources\" />
      <DeploymentItem filename="Common.Services.Fax.Tests\TestResources\" />
    </Deployment>
    <Execution>
      <TestTypeSpecific>
        <UnitTestRunConfig testTypeId="13cdc9d9-ddb5-4fa4-a97d-d965ccfc6d4b">
          <AssemblyResolution>
            <TestDirectory useLoadContext="true" />
          </AssemblyResolution>
        </UnitTestRunConfig>
        <WebTestRunConfiguration testTypeId="4e7599fa-5ecb-43e9-a887-cd63cf72d207">
          <Browser name="Internet Explorer 7.0">
            <Headers>
              <Header name="User-Agent" value="Mozilla/4.0 (compatible; MSIE 7.0; Windows NT 5.1)" />
              <Header name="Accept" value="*/*" />
              <Header name="Accept-Language" value="{{$IEAcceptLanguage}}" />
              <Header name="Accept-Encoding" value="GZIP" />
            </Headers>
          </Browser>
        </WebTestRunConfiguration>
      </TestTypeSpecific>
      <AgentRule name="LocalMachineDefaultRole">
      </AgentRule>
    </Execution>
  </TestSettings>
  <Times creation="2011-08-23T04:02:44.0361328-04:00" queuing="2011-08-23T04:02:44.9150390-04:00" start="2011-08-23T04:02:44.9941406-04:00" finish="2011-08-23T04:02:46.2519531-04:00" />
  <ResultSummary outcome="Failed">
    <Counters total="1" executed="1" error="0" failed="1" timeout="0" aborted="0" inconclusive="0" passedButRunAborted="0" notRunnable="0" notExecuted="0" disconnected="0" warning="0" passed="0" completed="0" inProgress="0" pending="0" />
    <RunInfos>
      <RunInfo computerName="WIN-RNMUH95F9U1" outcome="Warning" timestamp="2011-08-23T04:02:44.8925781-04:00">
        <Text>Warning: conflict during test run deployment: deployment item 'Common.Workflows.Activities.Tests\Resources\' specified by the test settings cannot be deployed to 'Placeholder.txt' because otherwise the file 'C:\Projects\Urbana\Common\Common.Workflows.Activities.Tests\Resources\Placeholder.txt' would overwrite deployment item 'Common.IO.Tests\Resources\' specified by the test settings.</Text>
      </RunInfo>
      <RunInfo computerName="WIN-RNMUH95F9U1" outcome="Warning" timestamp="2011-08-23T04:02:44.8935546-04:00">
        <Text>Warning: conflict during test run deployment: deployment item 'Common.Workflows.Activities.Tests\Resources\Placeholder.txt' specified by the test settings cannot be deployed to 'Placeholder.txt' because otherwise the file 'C:\Projects\Urbana\Common\Common.Workflows.Activities.Tests\Resources\Placeholder.txt' would overwrite deployment item 'Common.IO.Tests\Resources\' specified by the test settings.</Text>
      </RunInfo>
    </RunInfos>
  </ResultSummary>
  <TestDefinitions>
    <UnitTest name="TextValidateSchema_WhenElementInvalid_AssertValidationResultArgsListCount" storage="c:\projects\urbana\common\common.workflows.activities.tests\bin\debug\common.workflows.activities.tests.dll" id="e2c317ba-c37b-91fb-6463-ac037caf65cf">
      <Execution id="9fca6326-788e-4d1a-8ca6-caa8b44d07b6" />
      <TestMethod codeBase="C:/Projects/Urbana/Common/Common.Workflows.Activities.Tests/bin/Debug/Common.Workflows.Activities.Tests.DLL" adapterTypeName="Microsoft.VisualStudio.TestTools.TestTypes.Unit.UnitTestAdapter, Microsoft.VisualStudio.QualityTools.Tips.UnitTest.Adapter, Version=10.0.0.0, Culture=neutral, PublicKeyToken=b03f5f7f11d50a3a" className="Common.Workflows.Activities.Tests.XslTransformTest, Common.Workflows.Activities.Tests, Version=1.0.0.0, Culture=neutral, PublicKeyToken=null" name="TextValidateSchema_WhenElementInvalid_AssertValidationResultArgsListCount" />
    </UnitTest>
  </TestDefinitions>
  <TestLists>
    <TestList name="Results Not in a List" id="8c84fa94-04c1-424b-9868-57a2d4851a1d" />
    <TestList name="All Loaded Results" id="19431567-8539-422a-85d7-44ee4e166bda" />
  </TestLists>
  <TestEntries>
    <TestEntry testId="e2c317ba-c37b-91fb-6463-ac037caf65cf" executionId="9fca6326-788e-4d1a-8ca6-caa8b44d07b6" testListId="8c84fa94-04c1-424b-9868-57a2d4851a1d" />
  </TestEntries>
  <Results>
    <UnitTestResult executionId="9fca6326-788e-4d1a-8ca6-caa8b44d07b6" testId="e2c317ba-c37b-91fb-6463-ac037caf65cf" testName="TextValidateSchema_WhenElementInvalid_AssertValidationResultArgsListCount" computerName="WIN-RNMUH95F9U1" duration="00:00:00.6255473" startTime="2011-08-23T04:02:45.0234375-04:00" endTime="2011-08-23T04:02:46.2138671-04:00" testType="13cdc9d9-ddb5-4fa4-a97d-d965ccfc6d4b" outcome="Failed" testListId="8c84fa94-04c1-424b-9868-57a2d4851a1d" relativeResultsDirectory="9fca6326-788e-4d1a-8ca6-caa8b44d07b6">
      <Output>
        <ErrorInfo>
          <Message>Assert.IsTrue failed. </Message>
          <StackTrace>   at Common.Workflows.Activities.Tests.XslTransformTest.TextValidateSchema_WhenElementInvalid_AssertValidationResultArgsListCount() in C:\Projects\Urbana\Common\Common.Workflows.Activities.Tests\XslTransformTest.cs:line 36
</StackTrace>
        </ErrorInfo>
      </Output>
    </UnitTestResult>
  </Results>
</TestRun>