<?xml version="1.0" encoding="UTF-8"?>
<TestRun id="a98799cc-eb0b-41b1-82a2-7ae32c85e33a" name="Administrator@WIN-RNMUH95F9U1 2011-08-14 08:29:02" runUser="WIN-RNMUH95F9U1\Administrator" xmlns="http://microsoft.com/schemas/VisualStudio/TeamTest/2010">
  <TestSettings name="Local" id="1ddb4cbd-2c91-4264-b717-275efc45f586">
    <Description>These are default test settings for a local test run.</Description>
    <Deployment userDeploymentRoot="C:\Projects\Urbana\Common\TestResults" useDefaultDeploymentRoot="false" runDeploymentRoot="Administrator_WIN-RNMUH95F9U1 2011-08-14 08_29_02">
      <DeploymentItem filename="Common.Services.Fax\bin\Debug\Common.Services.Fax.dll" />
      <DeploymentItem filename="Common.Services.Fax.Interfaces\Validation\FaxRequestType\PreProcess\FaxValidation.xsd" />
      <DeploymentItem filename="C:\Projects\Urbana\Common\Common.Workflows.Activities.Tests\bin\Debug\Neovolve.Toolkit.Workflow.dll" />
      <DeploymentItem filename="C:\Program Files (x86)\Microsoft SDKs\Silverlight\v4.0\Libraries\Client\System.Windows.Data.dll" />
      <DeploymentItem filename="C:\Projects\Urbana\Common\Common.Workflows.Activities\bin\Debug\Common.Workflows.Activities.dll" />
      <DeploymentItem filename="C:\Program Files (x86)\Microsoft Unity Application Block 2.0\Bin\Microsoft.Practices.Unity.Interception.Configuration.dll" />
      <DeploymentItem filename="C:\Projects\Urbana\Common\Common.Workflows.Activities.Tests\bin\Debug\Neovolve.Toolkit.Workflow.Design.dll" />
      <DeploymentItem filename="Common.Services.Fax.Interfaces\Validation\FaxRequestType\PreProcess\FaxValidation2.xsd" />
      <DeploymentItem filename="C:\Projects\Urbana\Common\Common.IO.Interfaces\bin\Debug\Common.IO.Interfaces.dll" />
      <DeploymentItem filename="C:\Program Files (x86)\Microsoft Unity Application Block 2.0\Bin\Microsoft.Practices.Unity.Configuration.dll" />
      <DeploymentItem filename="C:\Program Files (x86)\Microsoft Unity Application Block 2.0\Bin\Microsoft.Practices.Unity.dll" />
      <DeploymentItem filename="Common.Services.Fax.Interfaces\Validation\FaxRequestType\PreProcess\" />
      <DeploymentItem filename="C:\Program Files (x86)\Microsoft Unity Application Block 2.0\Bin\Microsoft.Practices.Unity.Interception.dll" />
      <DeploymentItem filename="C:\Projects\Urbana\Common\Common.Workflows.Activities.Tests\bin\Debug\Neovolve.Toolkit.Unity.dll" />
      <DeploymentItem filename="Common.Services.Fax.Interfaces\Validation\FaxRequestType\" />
      <DeploymentItem filename="Common.IO.Tests\Resources\" />
      <DeploymentItem filename="Common.Workflows.Activities.Tests\Resources\" />
      <DeploymentItem filename="Common.Workflows.Activities.Tests\Resources\Placeholder.txt" />
      <DeploymentItem filename="C:\Projects\Urbana\Common\Dependencies\Neovolve.Toolkit 1.0\Neovolve.Toolkit.dll" />
      <DeploymentItem filename="Common.Services.Fax.Interfaces\Validation\FaxRequestType\PreProcess\FaxValidation1.xsd" />
      <DeploymentItem filename="C:\Projects\Urbana\Common\Common.Services.Payment.Interfaces\bin\Debug\Common.Services.Payment.Interfaces.dll" />
      <DeploymentItem filename="C:\Program Files (x86)\Microsoft Unity Application Block 2.0\Bin\Microsoft.Practices.ServiceLocation.dll" />
      <DeploymentItem filename="Common.Services.Payment.Tests\Resources\" />
      <DeploymentItem filename="Common.Services.Fax.Tests\TestResources\" />
    </Deployment>
    <Execution>
      <TestTypeSpecific>
        <UnitTestRunConfig testTypeId="13cdc9d9-ddb5-4fa4-a97d-d965ccfc6d4b">
          <AssemblyResolution>
            <TestDirectory useLoadContext="true" />
          </AssemblyResolution>
        </UnitTestRunConfig>
        <WebTestRunConfiguration testTypeId="4e7599fa-5ecb-43e9-a887-cd63cf72d207">
          <Browser name="Internet Explorer 7.0">
            <Headers>
              <Header name="User-Agent" value="Mozilla/4.0 (compatible; MSIE 7.0; Windows NT 5.1)" />
              <Header name="Accept" value="*/*" />
              <Header name="Accept-Language" value="{{$IEAcceptLanguage}}" />
              <Header name="Accept-Encoding" value="GZIP" />
            </Headers>
          </Browser>
        </WebTestRunConfiguration>
      </TestTypeSpecific>
      <AgentRule name="LocalMachineDefaultRole">
      </AgentRule>
    </Execution>
  </TestSettings>
  <Times creation="2011-08-14T08:29:02.3913906-04:00" queuing="2011-08-14T08:29:03.0993984-04:00" start="2011-08-14T08:29:03.1140468-04:00" finish="2011-08-14T08:29:03.8142421-04:00" />
  <ResultSummary outcome="Failed">
    <Counters total="1" executed="1" error="0" failed="1" timeout="0" aborted="0" inconclusive="0" passedButRunAborted="0" notRunnable="0" notExecuted="0" disconnected="0" warning="0" passed="0" completed="0" inProgress="0" pending="0" />
    <RunInfos>
      <RunInfo computerName="WIN-RNMUH95F9U1" outcome="Warning" timestamp="2011-08-14T08:29:03.0466640-04:00">
        <Text>Warning: conflict during test run deployment: deployment item 'Common.Workflows.Activities.Tests\Resources\' specified by the test settings cannot be deployed to 'Placeholder.txt' because otherwise the file 'C:\Projects\Urbana\Common\Common.Workflows.Activities.Tests\Resources\Placeholder.txt' would overwrite deployment item 'Common.IO.Tests\Resources\' specified by the test settings.</Text>
      </RunInfo>
      <RunInfo computerName="WIN-RNMUH95F9U1" outcome="Warning" timestamp="2011-08-14T08:29:03.0476406-04:00">
        <Text>Warning: conflict during test run deployment: deployment item 'Common.Workflows.Activities.Tests\Resources\Placeholder.txt' specified by the test settings cannot be deployed to 'Placeholder.txt' because otherwise the file 'C:\Projects\Urbana\Common\Common.Workflows.Activities.Tests\Resources\Placeholder.txt' would overwrite deployment item 'Common.IO.Tests\Resources\' specified by the test settings.</Text>
      </RunInfo>
    </RunInfos>
  </ResultSummary>
  <TestDefinitions>
    <UnitTest name="TestCreation" storage="c:\projects\urbana\common\common.workflows.activities.tests\bin\debug\common.workflows.activities.tests.dll" id="8c884be8-28d6-4126-988e-2abca4d5a261">
      <Execution id="a5993dce-5751-46f7-8c6f-7d8d14199372" />
      <TestMethod codeBase="C:/Projects/Urbana/Common/Common.Workflows.Activities.Tests/bin/Debug/Common.Workflows.Activities.Tests.DLL" adapterTypeName="Microsoft.VisualStudio.TestTools.TestTypes.Unit.UnitTestAdapter, Microsoft.VisualStudio.QualityTools.Tips.UnitTest.Adapter, Version=10.0.0.0, Culture=neutral, PublicKeyToken=b03f5f7f11d50a3a" className="Common.Workflows.Activities.Tests.ProcessGatewayPaymentTest, Common.Workflows.Activities.Tests, Version=1.0.0.0, Culture=neutral, PublicKeyToken=null" name="TestCreation" />
    </UnitTest>
  </TestDefinitions>
  <TestLists>
    <TestList name="Results Not in a List" id="8c84fa94-04c1-424b-9868-57a2d4851a1d" />
    <TestList name="All Loaded Results" id="19431567-8539-422a-85d7-44ee4e166bda" />
  </TestLists>
  <TestEntries>
    <TestEntry testId="8c884be8-28d6-4126-988e-2abca4d5a261" executionId="a5993dce-5751-46f7-8c6f-7d8d14199372" testListId="8c84fa94-04c1-424b-9868-57a2d4851a1d" />
  </TestEntries>
  <Results>
    <UnitTestResult executionId="a5993dce-5751-46f7-8c6f-7d8d14199372" testId="8c884be8-28d6-4126-988e-2abca4d5a261" testName="TestCreation" computerName="WIN-RNMUH95F9U1" duration="00:00:00.3839292" startTime="2011-08-14T08:29:03.1169765-04:00" endTime="2011-08-14T08:29:03.7800625-04:00" testType="13cdc9d9-ddb5-4fa4-a97d-d965ccfc6d4b" outcome="Failed" testListId="8c84fa94-04c1-424b-9868-57a2d4851a1d" relativeResultsDirectory="a5993dce-5751-46f7-8c6f-7d8d14199372">
      <Output>
        <ErrorInfo>
          <Message>Test method Common.Workflows.Activities.Tests.ProcessGatewayPaymentTest.TestCreation threw exception: 
System.MissingMemberException: The exception type 'System.Exception' does not define a constructor with parameters of paramName and message.</Message>
          <StackTrace>    at System.Activities.WorkflowApplication.Invoke(Activity activity, IDictionary`2 inputs, WorkflowInstanceExtensionManager extensions, TimeSpan timeout)
   at System.Activities.WorkflowInvoker.Invoke(Activity workflow, IDictionary`2 inputs, TimeSpan timeout, WorkflowInstanceExtensionManager extensions)
   at System.Activities.WorkflowInvoker.Invoke(IDictionary`2 inputs)
   at Common.Workflows.Activities.Tests.ProcessGatewayPaymentTest.TestCreation() in C:\Projects\Urbana\Common\Common.Workflows.Activities.Tests\ProcessGatewayPaymentTest.cs:line 26
</StackTrace>
        </ErrorInfo>
      </Output>
    </UnitTestResult>
  </Results>
</TestRun>