<?xml version="1.0" encoding="UTF-8"?>
<TestRun id="73c4add5-2bd7-44f7-9710-8967bba99317" name="Administrator@WIN-RNMUH95F9U1 2011-08-01 07:26:57" runUser="WIN-RNMUH95F9U1\Administrator" xmlns="http://microsoft.com/schemas/VisualStudio/TeamTest/2010">
  <TestSettings name="Local" id="1ddb4cbd-2c91-4264-b717-275efc45f586">
    <Description>These are default test settings for a local test run.</Description>
    <Deployment userDeploymentRoot="C:\Projects\Urbana\Common\TestResults" useDefaultDeploymentRoot="false" runDeploymentRoot="Administrator_WIN-RNMUH95F9U1 2011-08-01 07_26_57">
      <DeploymentItem filename="Common.Services.Fax\bin\Debug\Common.Services.Fax.dll" />
      <DeploymentItem filename="Common.Services.Fax.Interfaces\Validation\FaxRequestType\PreProcess\FaxValidation.xsd" />
      <DeploymentItem filename="C:\Projects\Urbana\Common\Common.Testing\bin\Debug\Common.Testing.dll" />
      <DeploymentItem filename="C:\Program Files (x86)\Microsoft Enterprise Library 5.0\Bin\Microsoft.Practices.EnterpriseLibrary.Logging.dll" />
      <DeploymentItem filename="C:\Program Files (x86)\Microsoft Unity Application Block 2.0\Bin\Microsoft.Practices.Unity.Interception.Configuration.dll" />
      <DeploymentItem filename="Common.Workflows.Activities.Tests\Resources\" />
      <DeploymentItem filename="C:\Program Files (x86)\Microsoft Enterprise Library 5.0\Bin\Microsoft.Practices.EnterpriseLibrary.PolicyInjection.dll" />
      <DeploymentItem filename="C:\Program Files (x86)\Microsoft Unity Application Block 2.0\Bin\Microsoft.Practices.Unity.Configuration.dll" />
      <DeploymentItem filename="C:\Projects\Urbana\Common\Common.Services.Payment\bin\Debug\Common.Services.Payment.dll" />
      <DeploymentItem filename="C:\Program Files (x86)\Microsoft Unity Application Block 2.0\Bin\Microsoft.Practices.Unity.dll" />
      <DeploymentItem filename="C:\Program Files (x86)\Microsoft Unity Application Block 2.0\Bin\Microsoft.Practices.ServiceLocation.dll" />
      <DeploymentItem filename="C:\Program Files (x86)\Microsoft Unity Application Block 2.0\Bin\Microsoft.Practices.Unity.Interception.dll" />
      <DeploymentItem filename="Common.Services.Fax.Interfaces\Validation\FaxRequestType\PreProcess\" />
      <DeploymentItem filename="Common.Services.Fax.Interfaces\Validation\FaxRequestType\PreProcess\FaxValidation2.xsd" />
      <DeploymentItem filename="Common.Services.Fax.Interfaces\Validation\FaxRequestType\" />
      <DeploymentItem filename="C:\Projects\Urbana\Common\Common.Utils\bin\Debug\Common.Utils.dll" />
      <DeploymentItem filename="Common.IO.Tests\Resources\" />
      <DeploymentItem filename="Common.Workflows.Activities.Tests\Resources\Placeholder.txt" />
      <DeploymentItem filename="Common.Services.Fax.Interfaces\Validation\FaxRequestType\PreProcess\FaxValidation1.xsd" />
      <DeploymentItem filename="C:\Projects\Urbana\Common\Common.Services.Payment.Interfaces\bin\Debug\Common.Services.Payment.Interfaces.dll" />
      <DeploymentItem filename="C:\Program Files (x86)\Microsoft Enterprise Library 5.0\Bin\Microsoft.Practices.EnterpriseLibrary.Common.dll" />
      <DeploymentItem filename="C:\Projects\Urbana\Common\Common.Types\bin\Debug\Common.Types.dll" />
      <DeploymentItem filename="Common.Services.Payment.Tests\Resources\" />
      <DeploymentItem filename="Common.Services.Fax.Tests\TestResources\" />
    </Deployment>
    <Execution>
      <TestTypeSpecific>
        <UnitTestRunConfig testTypeId="13cdc9d9-ddb5-4fa4-a97d-d965ccfc6d4b">
          <AssemblyResolution>
            <TestDirectory useLoadContext="true" />
          </AssemblyResolution>
        </UnitTestRunConfig>
        <WebTestRunConfiguration testTypeId="4e7599fa-5ecb-43e9-a887-cd63cf72d207">
          <Browser name="Internet Explorer 7.0">
            <Headers>
              <Header name="User-Agent" value="Mozilla/4.0 (compatible; MSIE 7.0; Windows NT 5.1)" />
              <Header name="Accept" value="*/*" />
              <Header name="Accept-Language" value="{{$IEAcceptLanguage}}" />
              <Header name="Accept-Encoding" value="GZIP" />
            </Headers>
          </Browser>
        </WebTestRunConfiguration>
      </TestTypeSpecific>
      <AgentRule name="LocalMachineDefaultRole">
      </AgentRule>
    </Execution>
  </TestSettings>
  <Times creation="2011-08-01T07:26:57.4313359-04:00" queuing="2011-08-01T07:26:58.3092656-04:00" start="2011-08-01T07:26:58.5153203-04:00" finish="2011-08-01T07:27:00.5563359-04:00" />
  <ResultSummary outcome="Failed">
    <Counters total="1" executed="1" error="0" failed="1" timeout="0" aborted="0" inconclusive="0" passedButRunAborted="0" notRunnable="0" notExecuted="0" disconnected="0" warning="0" passed="0" completed="0" inProgress="0" pending="0" />
    <RunInfos>
      <RunInfo computerName="WIN-RNMUH95F9U1" outcome="Warning" timestamp="2011-08-01T07:26:58.2907109-04:00">
        <Text>Warning: conflict during test run deployment: deployment item 'Common.IO.Tests\Resources\' specified by the test settings cannot be deployed to 'Placeholder.txt' because otherwise the file 'C:\Projects\Urbana\Common\Common.IO.Tests\Resources\Placeholder.txt' would overwrite deployment item 'Common.Workflows.Activities.Tests\Resources\' specified by the test settings.</Text>
      </RunInfo>
    </RunInfos>
  </ResultSummary>
  <TestDefinitions>
    <UnitTest name="CreateProfileTest_AssertProfileResponseLengthGreaterThanZero" storage="c:\projects\urbana\common\common.services.payment.tests\bin\debug\common.services.payment.tests.dll" id="0705ff9e-52f3-1ce2-5315-c676fb913c0d">
      <Execution id="8f28667d-4304-4aff-bed8-77d47a0cb6eb" />
      <TestMethod codeBase="C:/Projects/Urbana/Common/Common.Services.Payment.Tests/bin/Debug/Common.Services.Payment.Tests.DLL" adapterTypeName="Microsoft.VisualStudio.TestTools.TestTypes.Unit.UnitTestAdapter, Microsoft.VisualStudio.QualityTools.Tips.UnitTest.Adapter, Version=10.0.0.0, Culture=neutral, PublicKeyToken=b03f5f7f11d50a3a" className="Common.Services.Payment.Tests.Gateways.AuthorizeNet.AuthorizeNetCIMCreditCardGatewayTest, Common.Services.Payment.Tests, Version=1.0.0.0, Culture=neutral, PublicKeyToken=null" name="CreateProfileTest_AssertProfileResponseLengthGreaterThanZero" />
    </UnitTest>
  </TestDefinitions>
  <TestLists>
    <TestList name="Results Not in a List" id="8c84fa94-04c1-424b-9868-57a2d4851a1d" />
    <TestList name="All Loaded Results" id="19431567-8539-422a-85d7-44ee4e166bda" />
  </TestLists>
  <TestEntries>
    <TestEntry testId="0705ff9e-52f3-1ce2-5315-c676fb913c0d" executionId="8f28667d-4304-4aff-bed8-77d47a0cb6eb" testListId="8c84fa94-04c1-424b-9868-57a2d4851a1d" />
  </TestEntries>
  <Results>
    <UnitTestResult executionId="8f28667d-4304-4aff-bed8-77d47a0cb6eb" testId="0705ff9e-52f3-1ce2-5315-c676fb913c0d" testName="CreateProfileTest_AssertProfileResponseLengthGreaterThanZero" computerName="WIN-RNMUH95F9U1" duration="00:00:01.4724944" startTime="2011-08-01T07:26:58.6315312-04:00" endTime="2011-08-01T07:27:00.3356328-04:00" testType="13cdc9d9-ddb5-4fa4-a97d-d965ccfc6d4b" outcome="Failed" testListId="8c84fa94-04c1-424b-9868-57a2d4851a1d" relativeResultsDirectory="8f28667d-4304-4aff-bed8-77d47a0cb6eb">
      <Output>
        <ErrorInfo>
          <Message>Test method Common.Services.Payment.Tests.Gateways.AuthorizeNet.AuthorizeNetCIMCreditCardGatewayTest.CreateProfileTest_AssertProfileResponseLengthGreaterThanZero threw exception: 
System.InvalidOperationException: Error processing request: E00039 - A duplicate record with ID 4244560 already exists.</Message>
          <StackTrace>    at AuthorizeNet.HttpXmlUtility.CheckForErrors(ANetApiResponse response)
   at AuthorizeNet.HttpXmlUtility.Send(ANetApiRequest apiRequest)
   at Common.Services.Payment.Gateways.AuthNet.AuthorizeNetCIMCreditCardGateway.GetOrCreateProfile(ICustomerData customerData) in C:\Projects\Urbana\Common\Common.Services.Payment\Gateways\AuthorizeNet\AuthorizeNetCIMCreditCardGateway.cs:line 128
   at Common.Services.Payment.Tests.Gateways.AuthorizeNet.AuthorizeNetCIMCreditCardGatewayTest.CreateProfile(ICustomerData data) in C:\Projects\Urbana\Common\Common.Services.Payment.Tests\Gateways\AuthorizeNet\AuthorizeNetCIMCreditCardGatewayTest.cs:line 50
   at Common.Services.Payment.Tests.Gateways.AuthorizeNet.AuthorizeNetCIMCreditCardGatewayTest.CreateProfileTest_AssertProfileResponseLengthGreaterThanZero() in C:\Projects\Urbana\Common\Common.Services.Payment.Tests\Gateways\AuthorizeNet\AuthorizeNetCIMCreditCardGatewayTest.cs:line 70
</StackTrace>
        </ErrorInfo>
      </Output>
    </UnitTestResult>
  </Results>
</TestRun>