<?xml version="1.0" encoding="UTF-8"?>
<TestRun id="e6f5da17-fe6d-4354-978c-d4b609e64ecc" name="Administrator@WIN-RNMUH95F9U1 2011-07-09 07:41:09" runUser="WIN-RNMUH95F9U1\Administrator" xmlns="http://microsoft.com/schemas/VisualStudio/TeamTest/2010">
  <TestSettings name="Local" id="1ddb4cbd-2c91-4264-b717-275efc45f586">
    <Description>These are default test settings for a local test run.</Description>
    <Deployment userDeploymentRoot="C:\Projects\tfs-dev\VoiceForVictory\Source\Features\v2.0\Libraries\Common\TestResults" useDefaultDeploymentRoot="false" runDeploymentRoot="Administrator_WIN-RNMUH95F9U1 2011-07-09 07_41_09">
      <DeploymentItem filename="Common.Services.Payment.Tests\Resources\" />
      <DeploymentItem filename="C:\Projects\tfs-dev\VoiceForVictory\Source\Features\v2.0\Dependencies\EntLib50\Microsoft.Practices.Unity.Configuration.dll" />
      <DeploymentItem filename="Common.Services.Fax\bin\Debug\Common.Services.Fax.dll" />
      <DeploymentItem filename="Common.IO.Tests\Resources\" />
      <DeploymentItem filename="C:\Projects\tfs-dev\VoiceForVictory\Source\Features\v2.0\Dependencies\EntLib50\Microsoft.Practices.Unity.Interception.Configuration.dll" />
      <DeploymentItem filename="C:\Projects\tfs-dev\VoiceForVictory\Source\Features\v2.0\Dependencies\EntLib50\Microsoft.Practices.Unity.dll" />
      <DeploymentItem filename="C:\Projects\tfs-dev\VoiceForVictory\Source\Features\v2.0\Dependencies\Neovolve.Toolkit 1.0\Neovolve.Toolkit.Workflow.dll" />
      <DeploymentItem filename="C:\Projects\tfs-dev\VoiceForVictory\Source\Features\v2.0\Dependencies\EntLib50\Microsoft.Practices.Unity.Interception.dll" />
      <DeploymentItem filename="Common.Services.Fax.Interfaces\Validation\FaxRequestType\PreProcess\FaxValidation1.xsd" />
      <DeploymentItem filename="Common.Services.Fax.Interfaces\Validation\FaxRequestType\PreProcess\FaxValidation.xsd" />
      <DeploymentItem filename="C:\Projects\tfs-dev\VoiceForVictory\Source\Features\v2.0\Dependencies\Neovolve.Toolkit 1.0\Neovolve.Toolkit.Workflow.Design.dll" />
      <DeploymentItem filename="C:\Projects\tfs-dev\VoiceForVictory\Source\Features\v2.0\Libraries\Common\Common.IO.Interfaces\bin\Debug\Common.IO.Interfaces.dll" />
      <DeploymentItem filename="Common.Services.Fax.Interfaces\Validation\FaxRequestType\" />
      <DeploymentItem filename="Common.Workflows.Activities.Tests\Resources\" />
      <DeploymentItem filename="C:\Projects\tfs-dev\VoiceForVictory\Source\Features\v2.0\Dependencies\EntLib50\Microsoft.Practices.ServiceLocation.dll" />
      <DeploymentItem filename="Common.Services.Fax.Interfaces\Validation\FaxRequestType\PreProcess\FaxValidation2.xsd" />
      <DeploymentItem filename="C:\Projects\tfs-dev\VoiceForVictory\Source\Features\v2.0\Libraries\Common\Common.Workflows.Activities\bin\Debug\Common.Workflows.Activities.dll" />
      <DeploymentItem filename="C:\Projects\tfs-dev\VoiceForVictory\Source\Features\v2.0\Dependencies\Neovolve.Toolkit 1.0\Neovolve.Toolkit.Unity.dll" />
      <DeploymentItem filename="C:\Program Files (x86)\Microsoft SDKs\Silverlight\v4.0\Libraries\Client\System.Windows.Data.dll" />
      <DeploymentItem filename="Common.Services.Fax.Interfaces\Validation\FaxRequestType\PreProcess\" />
      <DeploymentItem filename="Common.Services.Fax.Tests\TestResources\" />
    </Deployment>
    <Execution>
      <TestTypeSpecific>
        <UnitTestRunConfig testTypeId="13cdc9d9-ddb5-4fa4-a97d-d965ccfc6d4b">
          <AssemblyResolution>
            <TestDirectory useLoadContext="true" />
          </AssemblyResolution>
        </UnitTestRunConfig>
        <WebTestRunConfiguration testTypeId="4e7599fa-5ecb-43e9-a887-cd63cf72d207">
          <Browser name="Internet Explorer 7.0">
            <Headers>
              <Header name="User-Agent" value="Mozilla/4.0 (compatible; MSIE 7.0; Windows NT 5.1)" />
              <Header name="Accept" value="*/*" />
              <Header name="Accept-Language" value="{{$IEAcceptLanguage}}" />
              <Header name="Accept-Encoding" value="GZIP" />
            </Headers>
          </Browser>
        </WebTestRunConfiguration>
      </TestTypeSpecific>
      <AgentRule name="LocalMachineDefaultRole">
      </AgentRule>
    </Execution>
  </TestSettings>
  <Times creation="2011-07-09T07:41:09.8798828-04:00" queuing="2011-07-09T07:41:10.7207031-04:00" start="2011-07-09T07:41:11.0390625-04:00" finish="2011-07-09T07:41:12.3056640-04:00" />
  <ResultSummary outcome="Warning">
    <Counters total="1" executed="1" passed="1" error="0" failed="0" timeout="0" aborted="0" inconclusive="0" passedButRunAborted="0" notRunnable="0" notExecuted="0" disconnected="0" warning="0" completed="0" inProgress="0" pending="0" />
    <RunInfos>
      <RunInfo computerName="WIN-RNMUH95F9U1" outcome="Warning" timestamp="2011-07-09T07:41:10.6279296-04:00">
        <Text>Warning: conflict during test run deployment: deployment item 'Common.Workflows.Activities.Tests\Resources\' specified by the test settings cannot be deployed to 'Placeholder.txt' because otherwise the file 'C:\Projects\tfs-dev\VoiceForVictory\Source\Features\v2.0\Libraries\Common\Common.Workflows.Activities.Tests\Resources\Placeholder.txt' would overwrite deployment item 'Common.IO.Tests\Resources\' specified by the test settings.</Text>
      </RunInfo>
    </RunInfos>
  </ResultSummary>
  <TestDefinitions>
    <UnitTest name="TestExtraxctZipArchive_AssertCollectionOfFileSystemInfoReturned" storage="c:\projects\tfs-dev\voiceforvictory\source\features\v2.0\libraries\common\common.workflows.activities.tests\bin\debug\common.workflows.activities.tests.dll" id="7569201d-a109-2219-01fc-2cbbf3931b14">
      <Execution id="32268267-1f5e-4eed-8530-2913c7f6ebe0" />
      <TestMethod codeBase="C:/Projects/tfs-dev/VoiceForVictory/Source/Features/v2.0/Libraries/Common/Common.Workflows.Activities.Tests/bin/Debug/Common.Workflows.Activities.Tests.DLL" adapterTypeName="Microsoft.VisualStudio.TestTools.TestTypes.Unit.UnitTestAdapter, Microsoft.VisualStudio.QualityTools.Tips.UnitTest.Adapter, Version=10.0.0.0, Culture=neutral, PublicKeyToken=b03f5f7f11d50a3a" className="Common.Workflows.Activities.Tests.ExtractZipArchiveTest, Common.Workflows.Activities.Tests, Version=1.0.0.0, Culture=neutral, PublicKeyToken=null" name="TestExtraxctZipArchive_AssertCollectionOfFileSystemInfoReturned" />
    </UnitTest>
  </TestDefinitions>
  <TestLists>
    <TestList name="Results Not in a List" id="8c84fa94-04c1-424b-9868-57a2d4851a1d" />
    <TestList name="All Loaded Results" id="19431567-8539-422a-85d7-44ee4e166bda" />
  </TestLists>
  <TestEntries>
    <TestEntry testId="7569201d-a109-2219-01fc-2cbbf3931b14" executionId="32268267-1f5e-4eed-8530-2913c7f6ebe0" testListId="8c84fa94-04c1-424b-9868-57a2d4851a1d" />
  </TestEntries>
  <Results>
    <UnitTestResult executionId="32268267-1f5e-4eed-8530-2913c7f6ebe0" testId="7569201d-a109-2219-01fc-2cbbf3931b14" testName="TestExtraxctZipArchive_AssertCollectionOfFileSystemInfoReturned" computerName="WIN-RNMUH95F9U1" duration="00:00:00.5495086" startTime="2011-07-09T07:41:11.1455078-04:00" endTime="2011-07-09T07:41:11.9365234-04:00" testType="13cdc9d9-ddb5-4fa4-a97d-d965ccfc6d4b" outcome="Passed" testListId="8c84fa94-04c1-424b-9868-57a2d4851a1d" relativeResultsDirectory="32268267-1f5e-4eed-8530-2913c7f6ebe0">
    </UnitTestResult>
  </Results>
</TestRun>