<?xml version="1.0" encoding="UTF-8"?>
<TestRun id="b0a923d6-7654-4cba-9b46-110b99e32a16" name="Administrator@WIN-RNMUH95F9U1 2011-07-09 06:37:34" runUser="WIN-RNMUH95F9U1\Administrator" xmlns="http://microsoft.com/schemas/VisualStudio/TeamTest/2010">
  <TestSettings name="Local" id="1ddb4cbd-2c91-4264-b717-275efc45f586">
    <Description>These are default test settings for a local test run.</Description>
    <Deployment userDeploymentRoot="C:\Projects\tfs-dev\VoiceForVictory\Source\Features\v2.0\Libraries\Common\TestResults" useDefaultDeploymentRoot="false" runDeploymentRoot="Administrator_WIN-RNMUH95F9U1 2011-07-09 06_37_34">
      <DeploymentItem filename="Common.Services.Fax.Interfaces\Validation\FaxRequestType\PreProcess\FaxValidation1.xsd" />
      <DeploymentItem filename="C:\Projects\tfs-dev\VoiceForVictory\Source\Features\v2.0\Libraries\Common\Common.IO.Interfaces\bin\Debug\Common.IO.Interfaces.dll" />
      <DeploymentItem filename="C:\Projects\tfs-dev\VoiceForVictory\Source\Features\v2.0\Libraries\Common\Common.IO\bin\Debug\Common.IO.dll" />
      <DeploymentItem filename="Common.Services.Fax.Tests\TestResources\" />
      <DeploymentItem filename="C:\lib\Prism\Bin\Desktop\Microsoft.Practices.ServiceLocation.dll" />
      <DeploymentItem filename="Common.Services.Fax.Interfaces\Validation\FaxRequestType\PreProcess\FaxValidation2.xsd" />
      <DeploymentItem filename="Common.IO.Tests\Resources\" />
      <DeploymentItem filename="C:\Projects\tfs-dev\VoiceForVictory\Source\Features\v2.0\Libraries\Common\Common.Net.Interfaces\bin\Debug\Common.Net.Interfaces.dll" />
      <DeploymentItem filename="C:\Program Files (x86)\Microsoft Unity Application Block 2.0\Bin\Microsoft.Practices.Unity.Interception.Configuration.dll" />
      <DeploymentItem filename="C:\Program Files (x86)\Microsoft Unity Application Block 2.0\Bin\Microsoft.Practices.Unity.Configuration.dll" />
      <DeploymentItem filename="Common.Services.Payment.Tests\Resources\" />
      <DeploymentItem filename="Common.Services.Fax.Interfaces\Validation\FaxRequestType\PreProcess\" />
      <DeploymentItem filename="Common.Services.Fax\bin\Debug\Common.Services.Fax.dll" />
      <DeploymentItem filename="C:\Program Files (x86)\Microsoft Unity Application Block 2.0\Bin\Microsoft.Practices.Unity.Interception.dll" />
      <DeploymentItem filename="C:\lib\Prism\Bin\Desktop\Microsoft.Practices.Unity.dll" />
      <DeploymentItem filename="Common.Services.Fax.Interfaces\Validation\FaxRequestType\PreProcess\FaxValidation.xsd" />
      <DeploymentItem filename="C:\Projects\tfs-dev\VoiceForVictory\Source\Features\v2.0\Libraries\Common\Common.Net\bin\Debug\Common.Net.dll" />
      <DeploymentItem filename="C:\Projects\tfs-dev\VoiceForVictory\Source\Features\v2.0\Libraries\Common\Common.Types\bin\Debug\Common.Types.dll" />
      <DeploymentItem filename="Common.Services.Fax.Interfaces\Validation\FaxRequestType\" />
    </Deployment>
    <Execution>
      <TestTypeSpecific>
        <UnitTestRunConfig testTypeId="13cdc9d9-ddb5-4fa4-a97d-d965ccfc6d4b">
          <AssemblyResolution>
            <TestDirectory useLoadContext="true" />
          </AssemblyResolution>
        </UnitTestRunConfig>
        <WebTestRunConfiguration testTypeId="4e7599fa-5ecb-43e9-a887-cd63cf72d207">
          <Browser name="Internet Explorer 7.0">
            <Headers>
              <Header name="User-Agent" value="Mozilla/4.0 (compatible; MSIE 7.0; Windows NT 5.1)" />
              <Header name="Accept" value="*/*" />
              <Header name="Accept-Language" value="{{$IEAcceptLanguage}}" />
              <Header name="Accept-Encoding" value="GZIP" />
            </Headers>
          </Browser>
        </WebTestRunConfiguration>
      </TestTypeSpecific>
      <AgentRule name="LocalMachineDefaultRole">
      </AgentRule>
    </Execution>
  </TestSettings>
  <Times creation="2011-07-09T06:37:34.7167968-04:00" queuing="2011-07-09T06:37:37.5390625-04:00" start="2011-07-09T06:37:37.8203125-04:00" finish="2011-07-09T06:37:39.2207031-04:00" />
  <ResultSummary outcome="Failed">
    <Counters total="1" executed="1" error="0" failed="1" timeout="0" aborted="0" inconclusive="0" passedButRunAborted="0" notRunnable="0" notExecuted="0" disconnected="0" warning="0" passed="0" completed="0" inProgress="0" pending="0" />
  </ResultSummary>
  <TestDefinitions>
    <UnitTest name="ExtractAll_WhenUsingWellKnownArchiveWithFilesAndDirectory_AssertFileSystemInfosExist" storage="c:\projects\tfs-dev\voiceforvictory\source\features\v2.0\libraries\common\common.io.tests\bin\debug\common.io.tests.dll" id="8fb67cb5-e907-da76-11ae-2131b3d72150">
      <Execution id="a95295b9-301d-4dd5-87e7-95c2dac820a0" />
      <TestMethod codeBase="C:/Projects/tfs-dev/VoiceForVictory/Source/Features/v2.0/Libraries/Common/Common.IO.Tests/bin/Debug/Common.IO.Tests.DLL" adapterTypeName="Microsoft.VisualStudio.TestTools.TestTypes.Unit.UnitTestAdapter, Microsoft.VisualStudio.QualityTools.Tips.UnitTest.Adapter, Version=10.0.0.0, Culture=neutral, PublicKeyToken=b03f5f7f11d50a3a" className="Common.IO.Tests.FileUtilitiesTest, Common.IO.Tests, Version=1.0.0.0, Culture=neutral, PublicKeyToken=null" name="ExtractAll_WhenUsingWellKnownArchiveWithFilesAndDirectory_AssertFileSystemInfosExist" />
    </UnitTest>
  </TestDefinitions>
  <TestLists>
    <TestList name="Results Not in a List" id="8c84fa94-04c1-424b-9868-57a2d4851a1d" />
    <TestList name="All Loaded Results" id="19431567-8539-422a-85d7-44ee4e166bda" />
  </TestLists>
  <TestEntries>
    <TestEntry testId="8fb67cb5-e907-da76-11ae-2131b3d72150" executionId="a95295b9-301d-4dd5-87e7-95c2dac820a0" testListId="8c84fa94-04c1-424b-9868-57a2d4851a1d" />
  </TestEntries>
  <Results>
    <UnitTestResult executionId="a95295b9-301d-4dd5-87e7-95c2dac820a0" testId="8fb67cb5-e907-da76-11ae-2131b3d72150" testName="ExtractAll_WhenUsingWellKnownArchiveWithFilesAndDirectory_AssertFileSystemInfosExist" computerName="WIN-RNMUH95F9U1" duration="00:00:00.1797812" startTime="2011-07-09T06:37:37.9326171-04:00" endTime="2011-07-09T06:37:38.4033203-04:00" testType="13cdc9d9-ddb5-4fa4-a97d-d965ccfc6d4b" outcome="Failed" testListId="8c84fa94-04c1-424b-9868-57a2d4851a1d" relativeResultsDirectory="a95295b9-301d-4dd5-87e7-95c2dac820a0">
      <Output>
        <ErrorInfo>
          <Message>Test method Common.IO.Tests.FileUtilitiesTest.ExtractAll_WhenUsingWellKnownArchiveWithFilesAndDirectory_AssertFileSystemInfosExist threw exception: 
System.EntryPointNotFoundException: Entry point was not found.</Message>
          <StackTrace>    at System.Collections.Generic.IEnumerable`1.GetEnumerator()
   at System.Collections.Generic.List`1..ctor(IEnumerable`1 collection)
   at System.Linq.Enumerable.ToList[TSource](IEnumerable`1 source)
   at Common.IO.FileUtilities.ExtractAll(FileInfo source, DirectoryInfo targetDirectory) in c:\Projects\tfs-dev\VoiceForVictory\Source\Features\v2.0\Libraries\Common\Common.IO.Interfaces\IZipFileUtilities.cs:line 16
   at Common.IO.Tests.FileUtilitiesTest.ExtractAll_WhenUsingWellKnownArchiveWithFilesAndDirectory_AssertFileSystemInfosExist() in C:\Projects\tfs-dev\VoiceForVictory\Source\Features\v2.0\Libraries\Common\Common.IO.Tests\FileUtilitiesTest.cs:line 82
</StackTrace>
        </ErrorInfo>
      </Output>
    </UnitTestResult>
  </Results>
</TestRun>