<?xml version="1.0" encoding="UTF-8"?>
<TestRun id="c533fb36-86f8-46b1-b380-c3543a896738" name="Administrator@WIN-RNMUH95F9U1 2011-08-03 09:42:56" runUser="WIN-RNMUH95F9U1\Administrator" xmlns="http://microsoft.com/schemas/VisualStudio/TeamTest/2010">
  <TestSettings name="Local" id="1ddb4cbd-2c91-4264-b717-275efc45f586">
    <Description>These are default test settings for a local test run.</Description>
    <Deployment runDeploymentRoot="Administrator_WIN-RNMUH95F9U1 2011-08-03 09_42_56">
      <DeploymentItem filename="Common.Services.Fax\bin\Debug\Common.Services.Fax.dll" />
      <DeploymentItem filename="Common.Services.Fax.Interfaces\Validation\FaxRequestType\PreProcess\FaxValidation.xsd" />
      <DeploymentItem filename="C:\Projects\Urbana\Common\Common.Services.Payment.Interfaces\bin\Debug\Common.Services.Payment.Interfaces.dll" />
      <DeploymentItem filename="C:\Projects\Urbana\Common\Common.Testing\bin\Debug\Common.Testing.dll" />
      <DeploymentItem filename="C:\Program Files (x86)\Microsoft Enterprise Library 5.0\Bin\Microsoft.Practices.EnterpriseLibrary.Logging.dll" />
      <DeploymentItem filename="C:\Program Files (x86)\Microsoft Unity Application Block 2.0\Bin\Microsoft.Practices.Unity.Interception.Configuration.dll" />
      <DeploymentItem filename="Common.Workflows.Activities.Tests\Resources\" />
      <DeploymentItem filename="C:\Program Files (x86)\Microsoft Enterprise Library 5.0\Bin\Microsoft.Practices.EnterpriseLibrary.PolicyInjection.dll" />
      <DeploymentItem filename="C:\Program Files (x86)\Microsoft Unity Application Block 2.0\Bin\Microsoft.Practices.Unity.Configuration.dll" />
      <DeploymentItem filename="C:\Projects\Urbana\Common\Common.Services.Payment\bin\Debug\Common.Services.Payment.dll" />
      <DeploymentItem filename="C:\Program Files (x86)\Microsoft Unity Application Block 2.0\Bin\Microsoft.Practices.Unity.dll" />
      <DeploymentItem filename="C:\Program Files (x86)\Microsoft Unity Application Block 2.0\Bin\Microsoft.Practices.ServiceLocation.dll" />
      <DeploymentItem filename="C:\Program Files (x86)\Microsoft Unity Application Block 2.0\Bin\Microsoft.Practices.Unity.Interception.dll" />
      <DeploymentItem filename="Common.Services.Fax.Interfaces\Validation\FaxRequestType\PreProcess\FaxValidation2.xsd" />
      <DeploymentItem filename="Common.Services.Fax.Interfaces\Validation\FaxRequestType\" />
      <DeploymentItem filename="C:\Projects\Urbana\Common\Common.Utils\bin\Debug\Common.Utils.dll" />
      <DeploymentItem filename="Common.IO.Tests\Resources\" />
      <DeploymentItem filename="Common.Workflows.Activities.Tests\Resources\Placeholder.txt" />
      <DeploymentItem filename="Common.Services.Fax.Interfaces\Validation\FaxRequestType\PreProcess\FaxValidation1.xsd" />
      <DeploymentItem filename="Common.Services.Fax.Interfaces\Validation\FaxRequestType\PreProcess\" />
      <DeploymentItem filename="C:\Program Files (x86)\Microsoft Enterprise Library 5.0\Bin\Microsoft.Practices.EnterpriseLibrary.Common.dll" />
      <DeploymentItem filename="C:\Projects\Urbana\Common\Common.Types\bin\Debug\Common.Types.dll" />
      <DeploymentItem filename="Common.Services.Payment.Tests\Resources\" />
      <DeploymentItem filename="Common.Services.Fax.Tests\TestResources\" />
    </Deployment>
    <Execution>
      <TestTypeSpecific>
        <UnitTestRunConfig testTypeId="13cdc9d9-ddb5-4fa4-a97d-d965ccfc6d4b">
          <AssemblyResolution>
            <TestDirectory useLoadContext="true" />
          </AssemblyResolution>
        </UnitTestRunConfig>
        <WebTestRunConfiguration testTypeId="4e7599fa-5ecb-43e9-a887-cd63cf72d207">
          <Browser name="Internet Explorer 7.0">
            <Headers>
              <Header name="User-Agent" value="Mozilla/4.0 (compatible; MSIE 7.0; Windows NT 5.1)" />
              <Header name="Accept" value="*/*" />
              <Header name="Accept-Language" value="{{$IEAcceptLanguage}}" />
              <Header name="Accept-Encoding" value="GZIP" />
            </Headers>
          </Browser>
        </WebTestRunConfiguration>
      </TestTypeSpecific>
      <AgentRule name="LocalMachineDefaultRole">
      </AgentRule>
    </Execution>
  </TestSettings>
  <Times creation="2011-08-03T09:42:56.3180546-04:00" queuing="2011-08-03T09:42:57.5534062-04:00" start="2011-08-03T09:42:58.0524296-04:00" finish="2011-08-03T09:43:02.2252812-04:00" />
  <ResultSummary outcome="Failed">
    <Counters total="3" executed="3" passed="1" error="0" failed="2" timeout="0" aborted="0" inconclusive="0" passedButRunAborted="0" notRunnable="0" notExecuted="0" disconnected="0" warning="0" completed="0" inProgress="0" pending="0" />
    <RunInfos>
      <RunInfo computerName="WIN-RNMUH95F9U1" outcome="Warning" timestamp="2011-08-03T09:42:57.4362187-04:00">
        <Text>Warning: conflict during test run deployment: deployment item 'Common.IO.Tests\Resources\' specified by the test settings cannot be deployed to 'Placeholder.txt' because otherwise the file 'C:\Projects\Urbana\Common\Common.IO.Tests\Resources\Placeholder.txt' would overwrite deployment item 'Common.Workflows.Activities.Tests\Resources\' specified by the test settings.</Text>
      </RunInfo>
    </RunInfos>
  </ResultSummary>
  <TestDefinitions>
    <UnitTest name="CreateProfileTest_AssertProfileResponseLengthGreaterThanZero" storage="c:\projects\urbana\common\common.services.payment.tests\bin\debug\common.services.payment.tests.dll" id="0705ff9e-52f3-1ce2-5315-c676fb913c0d">
      <Execution id="f38be1ea-986c-4c41-8dbf-5811eaf4d66b" />
      <TestMethod codeBase="C:/Projects/Urbana/Common/Common.Services.Payment.Tests/bin/Debug/Common.Services.Payment.Tests.DLL" adapterTypeName="Microsoft.VisualStudio.TestTools.TestTypes.Unit.UnitTestAdapter, Microsoft.VisualStudio.QualityTools.Tips.UnitTest.Adapter, Version=10.0.0.0, Culture=neutral, PublicKeyToken=b03f5f7f11d50a3a" className="Common.Services.Payment.Tests.Gateways.AuthorizeNet.AuthorizeNetCIMCreditCardGatewayTest, Common.Services.Payment.Tests, Version=1.0.0.0, Culture=neutral, PublicKeyToken=null" name="CreateProfileTest_AssertProfileResponseLengthGreaterThanZero" />
    </UnitTest>
    <UnitTest name="GetCustomerProfileTest_WhenProfileExists_AssertProfileIdsMatch" storage="c:\projects\urbana\common\common.services.payment.tests\bin\debug\common.services.payment.tests.dll" id="2632879d-831e-a597-cc1f-72206b206ef7">
      <Execution id="1f85cab9-cd86-46ef-b6d5-59915243acff" />
      <TestMethod codeBase="C:/Projects/Urbana/Common/Common.Services.Payment.Tests/bin/Debug/Common.Services.Payment.Tests.DLL" adapterTypeName="Microsoft.VisualStudio.TestTools.TestTypes.Unit.UnitTestAdapter, Microsoft.VisualStudio.QualityTools.Tips.UnitTest.Adapter, Version=10.0.0.0, Culture=neutral, PublicKeyToken=b03f5f7f11d50a3a" className="Common.Services.Payment.Tests.Gateways.AuthorizeNet.AuthorizeNetCIMCreditCardGatewayTest, Common.Services.Payment.Tests, Version=1.0.0.0, Culture=neutral, PublicKeyToken=null" name="GetCustomerProfileTest_WhenProfileExists_AssertProfileIdsMatch" />
    </UnitTest>
    <UnitTest name="AuthorizeTest_WhenValidData_CheckResultIsTrue" storage="c:\projects\urbana\common\common.services.payment.tests\bin\debug\common.services.payment.tests.dll" id="84e670af-5682-ef51-3af4-74679c65ea20">
      <Execution id="85604e3c-542f-4ed9-9fa6-e02cf0954ec3" />
      <TestMethod codeBase="C:/Projects/Urbana/Common/Common.Services.Payment.Tests/bin/Debug/Common.Services.Payment.Tests.DLL" adapterTypeName="Microsoft.VisualStudio.TestTools.TestTypes.Unit.UnitTestAdapter, Microsoft.VisualStudio.QualityTools.Tips.UnitTest.Adapter, Version=10.0.0.0, Culture=neutral, PublicKeyToken=b03f5f7f11d50a3a" className="Common.Services.Payment.Tests.Gateways.AuthorizeNet.AuthorizeNetCIMCreditCardGatewayTest, Common.Services.Payment.Tests, Version=1.0.0.0, Culture=neutral, PublicKeyToken=null" name="AuthorizeTest_WhenValidData_CheckResultIsTrue" />
    </UnitTest>
  </TestDefinitions>
  <TestLists>
    <TestList name="Results Not in a List" id="8c84fa94-04c1-424b-9868-57a2d4851a1d" />
    <TestList name="All Loaded Results" id="19431567-8539-422a-85d7-44ee4e166bda" />
  </TestLists>
  <TestEntries>
    <TestEntry testId="0705ff9e-52f3-1ce2-5315-c676fb913c0d" executionId="f38be1ea-986c-4c41-8dbf-5811eaf4d66b" testListId="8c84fa94-04c1-424b-9868-57a2d4851a1d" />
    <TestEntry testId="2632879d-831e-a597-cc1f-72206b206ef7" executionId="1f85cab9-cd86-46ef-b6d5-59915243acff" testListId="8c84fa94-04c1-424b-9868-57a2d4851a1d" />
    <TestEntry testId="84e670af-5682-ef51-3af4-74679c65ea20" executionId="85604e3c-542f-4ed9-9fa6-e02cf0954ec3" testListId="8c84fa94-04c1-424b-9868-57a2d4851a1d" />
  </TestEntries>
  <Results>
    <UnitTestResult executionId="f38be1ea-986c-4c41-8dbf-5811eaf4d66b" testId="0705ff9e-52f3-1ce2-5315-c676fb913c0d" testName="CreateProfileTest_AssertProfileResponseLengthGreaterThanZero" computerName="WIN-RNMUH95F9U1" duration="00:00:01.8216614" startTime="2011-08-03T09:42:58.2545781-04:00" endTime="2011-08-03T09:43:00.4625859-04:00" testType="13cdc9d9-ddb5-4fa4-a97d-d965ccfc6d4b" outcome="Passed" testListId="8c84fa94-04c1-424b-9868-57a2d4851a1d" relativeResultsDirectory="f38be1ea-986c-4c41-8dbf-5811eaf4d66b">
    </UnitTestResult>
    <UnitTestResult executionId="1f85cab9-cd86-46ef-b6d5-59915243acff" testId="2632879d-831e-a597-cc1f-72206b206ef7" testName="GetCustomerProfileTest_WhenProfileExists_AssertProfileIdsMatch" computerName="WIN-RNMUH95F9U1" duration="00:00:00.8916887" startTime="2011-08-03T09:43:00.4762578-04:00" endTime="2011-08-03T09:43:01.3805546-04:00" testType="13cdc9d9-ddb5-4fa4-a97d-d965ccfc6d4b" outcome="Failed" testListId="8c84fa94-04c1-424b-9868-57a2d4851a1d" relativeResultsDirectory="1f85cab9-cd86-46ef-b6d5-59915243acff">
      <Output>
        <ErrorInfo>
          <Message>Assert.IsTrue failed. </Message>
          <StackTrace>   at Common.Services.Payment.Tests.Gateways.AuthorizeNet.AuthorizeNetCIMCreditCardGatewayTest.GetCustomerProfileTest_WhenProfileExists_AssertProfileIdsMatch() in C:\Projects\Urbana\Common\Common.Services.Payment.Tests\Gateways\AuthorizeNet\AuthorizeNetCIMCreditCardGatewayTest.cs:line 89
</StackTrace>
        </ErrorInfo>
      </Output>
    </UnitTestResult>
    <UnitTestResult executionId="85604e3c-542f-4ed9-9fa6-e02cf0954ec3" testId="84e670af-5682-ef51-3af4-74679c65ea20" testName="AuthorizeTest_WhenValidData_CheckResultIsTrue" computerName="WIN-RNMUH95F9U1" duration="00:00:00.5118069" startTime="2011-08-03T09:43:01.3854375-04:00" endTime="2011-08-03T09:43:01.9157109-04:00" testType="13cdc9d9-ddb5-4fa4-a97d-d965ccfc6d4b" outcome="Failed" testListId="8c84fa94-04c1-424b-9868-57a2d4851a1d" relativeResultsDirectory="85604e3c-542f-4ed9-9fa6-e02cf0954ec3">
      <Output>
        <ErrorInfo>
          <Message>Assert.IsTrue failed. </Message>
          <StackTrace>   at Common.Services.Payment.Tests.Gateways.AuthorizeNet.AuthorizeNetCIMCreditCardGatewayTest.AuthorizeTest_WhenValidData_CheckResultIsTrue() in C:\Projects\Urbana\Common\Common.Services.Payment.Tests\Gateways\AuthorizeNet\AuthorizeNetCIMCreditCardGatewayTest.cs:line 69
</StackTrace>
        </ErrorInfo>
      </Output>
    </UnitTestResult>
  </Results>
</TestRun>